<?xml version="1.0" encoding="UTF-8"?>
<!-- Generated by org.testng.reporters.JUnitReportReporter -->
<testsuite skipped="0" hostname="ezs013" name="com.eDocs.Equipment.EquipmentName" tests="5" failures="0" timestamp="22 Jun 2018 14:53:38 GMT" time="45.881" errors="0">
  <testcase name="nameEmpty" time="8.196" classname="com.eDocs.Equipment.EquipmentName"/>
  <testcase name="Login" time="25.504" classname="com.eDocs.Equipment.EquipmentName"/>
  <testcase name="nameMaxFieldLength" time="4.524" classname="com.eDocs.Equipment.EquipmentName"/>
  <testcase name="nameSpecialChar" time="3.942" classname="com.eDocs.Equipment.EquipmentName"/>
  <testcase name="nameBeginingSpaceCheck" time="3.715" classname="com.eDocs.Equipment.EquipmentName"/>
</testsuite> <!-- com.eDocs.Equipment.EquipmentName -->
