<?xml version="1.0" encoding="UTF-8"?>
<!-- Generated by org.testng.reporters.JUnitReportReporter -->
<testsuite skipped="0" hostname="ezs013" name="com.eDocs.Calculation.Default_Limit" tests="1" failures="0" timestamp="05 Mar 2018 14:35:15 GMT" time="12.937" errors="0">
  <testcase name="UniversalSettings" time="12.937" classname="com.eDocs.Calculation.Default_Limit"/>
</testsuite> <!-- com.eDocs.Calculation.Default_Limit -->
