<?xml version="1.0" encoding="UTF-8"?>
<!-- Generated by org.testng.reporters.JUnitReportReporter -->
<testsuite skipped="0" hostname="ezs013" name="com.eDocs.Calculation.SolidCalculation" tests="8" failures="0" timestamp="07 Mar 2018 11:40:53 GMT" time="22.042" errors="0">
  <testcase name="P1_Active1_Solid" time="6.766" classname="com.eDocs.Calculation.SolidCalculation"/>
  <testcase name="P1_Active2_Solid" time="2.398" classname="com.eDocs.Calculation.SolidCalculation"/>
  <testcase name="P2_Active1_Solid" time="2.224" classname="com.eDocs.Calculation.SolidCalculation"/>
  <testcase name="P2_Active2_Solid" time="2.082" classname="com.eDocs.Calculation.SolidCalculation"/>
  <testcase name="P3_Active1_Solid" time="2.196" classname="com.eDocs.Calculation.SolidCalculation"/>
  <testcase name="P3_Active2_Solid" time="2.061" classname="com.eDocs.Calculation.SolidCalculation"/>
  <testcase name="P4_Active1_Solid" time="2.235" classname="com.eDocs.Calculation.SolidCalculation"/>
  <testcase name="P4_Active2_Solid" time="2.080" classname="com.eDocs.Calculation.SolidCalculation"/>
</testsuite> <!-- com.eDocs.Calculation.SolidCalculation -->
