<?xml version="1.0" encoding="UTF-8"?>
<!-- Generated by org.testng.reporters.JUnitReportReporter -->
<testsuite skipped="0" hostname="ezs013" name="com.eDocs.Equipment.EquipmentMinimumBatch" tests="6" failures="0" timestamp="04 Jun 2018 09:50:43 GMT" time="19.803" errors="0">
  <testcase name="NumericEmptyTest" time="3.345" classname="com.eDocs.Equipment.EquipmentMinimumBatch"/>
  <testcase name="NumericZEROTest" time="3.184" classname="com.eDocs.Equipment.EquipmentMinimumBatch"/>
  <testcase name="NumericMaxLengthTest" time="3.349" classname="com.eDocs.Equipment.EquipmentMinimumBatch"/>
  <testcase name="numericFieldAlphabetsCheckTest" time="3.298" classname="com.eDocs.Equipment.EquipmentMinimumBatch"/>
  <testcase name="numericSpaceCheckTest" time="3.297" classname="com.eDocs.Equipment.EquipmentMinimumBatch"/>
  <testcase name="numericMultiDecimalTest" time="3.330" classname="com.eDocs.Equipment.EquipmentMinimumBatch"/>
</testsuite> <!-- com.eDocs.Equipment.EquipmentMinimumBatch -->
