<?xml version="1.0" encoding="UTF-8"?>
<!-- Generated by org.testng.reporters.JUnitReportReporter -->
<testsuite skipped="0" hostname="ezs013" name="com.eDocs.SanityTesting.EquipmentGroup" tests="5" failures="0" timestamp="17 Apr 2018 11:49:00 GMT" time="96.836" errors="0">
  <testcase name="CreateEquipmentGroup" time="28.239" classname="com.eDocs.SanityTesting.EquipmentGroup"/>
  <testcase name="CreateEquipmentGroup" time="30.543" classname="com.eDocs.SanityTesting.EquipmentGroup"/>
  <testcase name="EditEquipmentGroup" time="20.903" classname="com.eDocs.SanityTesting.EquipmentGroup"/>
  <testcase name="SingleDeleteEquipmentGroup" time="7.921" classname="com.eDocs.SanityTesting.EquipmentGroup"/>
  <testcase name="MultiDeleteEquipmentGroup" time="9.230" classname="com.eDocs.SanityTesting.EquipmentGroup"/>
</testsuite> <!-- com.eDocs.SanityTesting.EquipmentGroup -->
