<?xml version="1.0" encoding="UTF-8"?>
<!-- Generated by org.testng.reporters.JUnitReportReporter -->
<testsuite skipped="0" hostname="ezs013" name="com.eDocs.SanityTesting.User" tests="2" failures="0" timestamp="19 Apr 2018 09:37:16 GMT" time="16.217" errors="0">
  <testcase name="Login" time="3.764" classname="com.eDocs.SanityTesting.User"/>
  <testcase name="MultiDeleteUser" time="12.453" classname="com.eDocs.SanityTesting.User"/>
</testsuite> <!-- com.eDocs.SanityTesting.User -->
