<?xml version="1.0" encoding="UTF-8"?>
<!-- Generated by org.testng.reporters.JUnitReportReporter -->
<testsuite skipped="0" hostname="ezs013" name="com.eDocs.SanityTesting.Utility" tests="5" failures="0" timestamp="26 Jul 2018 11:18:14 GMT" time="74.728" errors="0">
  <testcase name="CreateUtility" time="17.690" classname="com.eDocs.SanityTesting.Utility"/>
  <testcase name="CreateUtility" time="13.077" classname="com.eDocs.SanityTesting.Utility"/>
  <testcase name="EditUtility" time="12.257" classname="com.eDocs.SanityTesting.Utility"/>
  <testcase name="CreateUtilityforEquip" time="20.129" classname="com.eDocs.SanityTesting.Utility"/>
  <testcase name="MultiDeleteUtility" time="11.575" classname="com.eDocs.SanityTesting.Utility"/>
</testsuite> <!-- com.eDocs.SanityTesting.Utility -->
