<?xml version="1.0" encoding="UTF-8"?>
<!-- Generated by org.testng.reporters.JUnitReportReporter -->
<testsuite skipped="0" hostname="ezs013" name="com.eDocs.SanityTesting.Utility" tests="1" failures="0" timestamp="19 Jul 2018 09:58:49 GMT" time="5.908" errors="0">
  <testcase name="Login" time="5.908" classname="com.eDocs.SanityTesting.Utility"/>
</testsuite> <!-- com.eDocs.SanityTesting.Utility -->
