<?xml version="1.0" encoding="UTF-8"?>
<!-- Generated by org.testng.reporters.JUnitReportReporter -->
<testsuite skipped="0" hostname="ezs013" name="com.eDocs.SanityTesting.API" tests="5" failures="0" timestamp="09 Jul 2018 14:25:51 GMT" time="68.554" errors="0">
  <testcase name="CreateAPI" time="18.679" classname="com.eDocs.SanityTesting.API"/>
  <testcase name="CreateAPI" time="17.227" classname="com.eDocs.SanityTesting.API"/>
  <testcase name="SingleDeleteAPI" time="9.375" classname="com.eDocs.SanityTesting.API"/>
  <testcase name="MultiDeleteAPI" time="9.510" classname="com.eDocs.SanityTesting.API"/>
  <testcase name="CreateAPIforProduct" time="13.763" classname="com.eDocs.SanityTesting.API"/>
</testsuite> <!-- com.eDocs.SanityTesting.API -->
