<?xml version="1.0" encoding="UTF-8"?>
<!-- Generated by org.testng.reporters.JUnitReportReporter -->
<testsuite skipped="0" hostname="ezs013" name="com.eDocs.SanityTesting.UniversalSettings" tests="7" failures="0" timestamp="31 Jul 2018 11:24:10 GMT" time="54.998" errors="0">
  <testcase name="Login" time="7.379" classname="com.eDocs.SanityTesting.UniversalSettings"/>
  <testcase name="ResidueLimitSAVE" time="17.467" classname="com.eDocs.SanityTesting.UniversalSettings"/>
  <testcase name="GeneralSettings" time="4.538" classname="com.eDocs.SanityTesting.UniversalSettings"/>
  <testcase name="SiteMap" time="13.179" classname="com.eDocs.SanityTesting.UniversalSettings"/>
  <testcase name="SampleLocation" time="3.333" classname="com.eDocs.SanityTesting.UniversalSettings"/>
  <testcase name="productgrouping" time="4.828" classname="com.eDocs.SanityTesting.UniversalSettings"/>
  <testcase name="microbialLimit" time="4.274" classname="com.eDocs.SanityTesting.UniversalSettings"/>
</testsuite> <!-- com.eDocs.SanityTesting.UniversalSettings -->
