<?xml version="1.0" encoding="UTF-8"?>
<!-- Generated by org.testng.reporters.JUnitReportReporter -->
<testsuite skipped="0" hostname="ezs013" name="com.eDocs.Test.Calculation" tests="1" failures="0" timestamp="29 Mar 2018 07:02:03 GMT" time="68.699" errors="0">
  <testcase name="test" time="68.699" classname="com.eDocs.Test.Calculation"/>
</testsuite> <!-- com.eDocs.Test.Calculation -->
