<?xml version="1.0" encoding="UTF-8"?>
<!-- Generated by org.testng.reporters.JUnitReportReporter -->
<testsuite skipped="0" hostname="ezs013" name="com.eDocs.residueCalculation.NewTest" tests="1" failures="0" timestamp="26 Apr 2018 12:00:41 GMT" time="0.251" errors="0">
  <testcase name="test" time="0.251" classname="com.eDocs.residueCalculation.NewTest"/>
</testsuite> <!-- com.eDocs.residueCalculation.NewTest -->
