<?xml version="1.0" encoding="UTF-8"?>
<!-- Generated by org.testng.reporters.JUnitReportReporter -->
<testsuite skipped="0" hostname="ezs013" name="com.eDocs.Equipment.EquipmentName" tests="5" failures="0" timestamp="28 Jun 2018 11:55:33 GMT" time="30.998" errors="0">
  <testcase name="Login" time="11.934" classname="com.eDocs.Equipment.EquipmentName"/>
  <testcase name="nameEmpty" time="6.759" classname="com.eDocs.Equipment.EquipmentName"/>
  <testcase name="nameMaxFieldLength" time="4.476" classname="com.eDocs.Equipment.EquipmentName"/>
  <testcase name="nameSpecialChar" time="4.019" classname="com.eDocs.Equipment.EquipmentName"/>
  <testcase name="nameBeginingSpaceCheck" time="3.810" classname="com.eDocs.Equipment.EquipmentName"/>
</testsuite> <!-- com.eDocs.Equipment.EquipmentName -->
