<?xml version="1.0" encoding="UTF-8"?>
<!-- Generated by org.testng.reporters.JUnitReportReporter -->
<testsuite skipped="0" hostname="ezs013" name="com.eDocs.SanityTesting.EquipmentTrain" tests="5" failures="0" timestamp="17 Apr 2018 11:49:00 GMT" time="105.796" errors="0">
  <testcase name="CreateEquipmentTrain" time="28.287" classname="com.eDocs.SanityTesting.EquipmentTrain"/>
  <testcase name="CreateEquipmentTrain" time="32.081" classname="com.eDocs.SanityTesting.EquipmentTrain"/>
  <testcase name="EditEquipmentTrain" time="25.305" classname="com.eDocs.SanityTesting.EquipmentTrain"/>
  <testcase name="SingleDeleteEquipmentTrain" time="9.937" classname="com.eDocs.SanityTesting.EquipmentTrain"/>
  <testcase name="MultiDeleteEquipmentTrain" time="10.186" classname="com.eDocs.SanityTesting.EquipmentTrain"/>
</testsuite> <!-- com.eDocs.SanityTesting.EquipmentTrain -->
