<?xml version="1.0" encoding="UTF-8"?>
<!-- Generated by org.testng.reporters.JUnitReportReporter -->
<testsuite skipped="0" hostname="ezs013" name="com.eDocs.residueCalculation.NewTest1" tests="1" failures="0" timestamp="12 Jul 2018 13:37:47 GMT" time="0.281" errors="0">
  <testcase name="test" time="0.281" classname="com.eDocs.residueCalculation.NewTest1"/>
</testsuite> <!-- com.eDocs.residueCalculation.NewTest1 -->
