<?xml version="1.0" encoding="UTF-8"?>
<!-- Generated by org.testng.reporters.JUnitReportReporter -->
<testsuite skipped="0" hostname="ezs013" name="com.eDocs.Equipment.EquipmentSurfaceArea" tests="6" failures="0" timestamp="28 Jun 2018 11:55:33 GMT" time="21.814" errors="0">
  <testcase name="NumericEmptyTest" time="3.754" classname="com.eDocs.Equipment.EquipmentSurfaceArea"/>
  <testcase name="NumericZEROTest" time="3.243" classname="com.eDocs.Equipment.EquipmentSurfaceArea"/>
  <testcase name="NumericMaxLengthTest" time="3.717" classname="com.eDocs.Equipment.EquipmentSurfaceArea"/>
  <testcase name="numericFieldAlphabetsCheckTest" time="3.721" classname="com.eDocs.Equipment.EquipmentSurfaceArea"/>
  <testcase name="numericSpaceCheckTest" time="3.717" classname="com.eDocs.Equipment.EquipmentSurfaceArea"/>
  <testcase name="numericMultiDecimalTest" time="3.662" classname="com.eDocs.Equipment.EquipmentSurfaceArea"/>
</testsuite> <!-- com.eDocs.Equipment.EquipmentSurfaceArea -->
