<?xml version="1.0" encoding="UTF-8"?>
<!-- Generated by org.testng.reporters.JUnitReportReporter -->
<testsuite skipped="0" hostname="ezs013" name="com.eDocs.SanityTesting.Equipment" tests="5" failures="0" timestamp="09 Jul 2018 14:25:51 GMT" time="124.246" errors="0">
  <testcase name="CopyEquipment" time="28.655" classname="com.eDocs.SanityTesting.Equipment"/>
  <testcase name="CopyEquipment" time="33.357" classname="com.eDocs.SanityTesting.Equipment"/>
  <testcase name="CopyEquipment" time="17.272" classname="com.eDocs.SanityTesting.Equipment"/>
  <testcase name="CopyEquipment" time="24.838" classname="com.eDocs.SanityTesting.Equipment"/>
  <testcase name="CopyEquipment" time="20.124" classname="com.eDocs.SanityTesting.Equipment"/>
</testsuite> <!-- com.eDocs.SanityTesting.Equipment -->
