<?xml version="1.0" encoding="UTF-8"?>
<!-- Generated by org.testng.reporters.JUnitReportReporter -->
<testsuite skipped="0" hostname="ezs013" name="com.eDocs.solidCalculation.microbialCalculation" tests="1" failures="0" timestamp="21 Mar 2018 06:50:34 GMT" time="40.214" errors="0">
  <testcase name="test" time="40.214" classname="com.eDocs.solidCalculation.microbialCalculation"/>
</testsuite> <!-- com.eDocs.solidCalculation.microbialCalculation -->
