<?xml version="1.0" encoding="UTF-8"?>
<!-- Generated by org.testng.reporters.JUnitReportReporter -->
<testsuite skipped="0" hostname="ezs013" name="com.eDocs.Equipment.EquipmentMinimumBatch" tests="6" failures="0" timestamp="23 Jul 2018 10:07:21 GMT" time="20.613" errors="0">
  <testcase name="NumericEmptyTest" time="3.172" classname="com.eDocs.Equipment.EquipmentMinimumBatch"/>
  <testcase name="NumericZEROTest" time="3.000" classname="com.eDocs.Equipment.EquipmentMinimumBatch"/>
  <testcase name="NumericMaxLengthTest" time="3.653" classname="com.eDocs.Equipment.EquipmentMinimumBatch"/>
  <testcase name="numericFieldAlphabetsCheckTest" time="3.653" classname="com.eDocs.Equipment.EquipmentMinimumBatch"/>
  <testcase name="numericSpaceCheckTest" time="3.587" classname="com.eDocs.Equipment.EquipmentMinimumBatch"/>
  <testcase name="numericMultiDecimalTest" time="3.548" classname="com.eDocs.Equipment.EquipmentMinimumBatch"/>
</testsuite> <!-- com.eDocs.Equipment.EquipmentMinimumBatch -->
