<?xml version="1.0" encoding="UTF-8"?>
<!-- Generated by org.testng.reporters.JUnitReportReporter -->
<testsuite skipped="0" hostname="ezs013" name="com.eDocs.microbialCalculation.MicrobialCalculation" tests="1" failures="0" timestamp="13 Jun 2018 07:03:24 GMT" time="4.111" errors="0">
  <testcase name="test" time="4.111" classname="com.eDocs.microbialCalculation.MicrobialCalculation"/>
</testsuite> <!-- com.eDocs.microbialCalculation.MicrobialCalculation -->
