<?xml version="1.0" encoding="UTF-8"?>
<!-- Generated by org.testng.reporters.JUnitReportReporter -->
<testsuite skipped="0" hostname="ezs013" name="com.eDocs.SanityTesting.EquipmentGroup" tests="4" failures="0" timestamp="23 May 2018 06:50:06 GMT" time="74.930" errors="0">
  <testcase name="CreateEquipmentGroup" time="22.066" classname="com.eDocs.SanityTesting.EquipmentGroup"/>
  <testcase name="CreateEquipmentGroup" time="19.919" classname="com.eDocs.SanityTesting.EquipmentGroup"/>
  <testcase name="EditEquipmentGroup" time="21.339" classname="com.eDocs.SanityTesting.EquipmentGroup"/>
  <testcase name="SingleDeleteEquipmentGroup" time="11.606" classname="com.eDocs.SanityTesting.EquipmentGroup"/>
</testsuite> <!-- com.eDocs.SanityTesting.EquipmentGroup -->
