<?xml version="1.0" encoding="UTF-8"?>
<!-- Generated by org.testng.reporters.JUnitReportReporter -->
<testsuite skipped="0" hostname="ezs013" name="com.eDocs.residueCalculation.ResidueCalculation" tests="1" failures="0" timestamp="20 Apr 2018 15:49:15 GMT" time="26.610" errors="0">
  <testcase name="test" time="26.610" classname="com.eDocs.residueCalculation.ResidueCalculation"/>
</testsuite> <!-- com.eDocs.residueCalculation.ResidueCalculation -->
