<?xml version="1.0" encoding="UTF-8"?>
<!-- Generated by org.testng.reporters.JUnitReportReporter -->
<testsuite skipped="0" hostname="ezs013" name="com.eDocs.SanityTesting.API" tests="5" failures="0" timestamp="09 Apr 2018 09:27:42 GMT" time="52.460" errors="0">
  <testcase name="Login" time="3.710" classname="com.eDocs.SanityTesting.API"/>
  <testcase name="CreateAPI" time="13.140" classname="com.eDocs.SanityTesting.API"/>
  <testcase name="CreateAPI" time="11.065" classname="com.eDocs.SanityTesting.API"/>
  <testcase name="EditAPI" time="15.056" classname="com.eDocs.SanityTesting.API"/>
  <testcase name="SingleDeleteAPI" time="9.489" classname="com.eDocs.SanityTesting.API"/>
</testsuite> <!-- com.eDocs.SanityTesting.API -->
