<?xml version="1.0" encoding="UTF-8"?>
<!-- Generated by org.testng.reporters.JUnitReportReporter -->
<testsuite skipped="0" hostname="ezs013" name="com.eDocs.SanityTesting.EquipmentGroup" tests="3" failures="0" timestamp="12 Apr 2018 12:52:32 GMT" time="35.609" errors="0">
  <testcase name="Login" time="4.869" classname="com.eDocs.SanityTesting.EquipmentGroup"/>
  <testcase name="EditEquipmentGroup" time="22.201" classname="com.eDocs.SanityTesting.EquipmentGroup"/>
  <testcase name="SingleDeleteEquipmentGroup" time="8.539" classname="com.eDocs.SanityTesting.EquipmentGroup"/>
</testsuite> <!-- com.eDocs.SanityTesting.EquipmentGroup -->
