<?xml version="1.0" encoding="UTF-8"?>
<!-- Generated by org.testng.reporters.JUnitReportReporter -->
<testsuite skipped="0" hostname="ezs013" name="com.eDocs.SanityTesting.Equipment" tests="3" failures="0" timestamp="18 Apr 2018 09:51:46 GMT" time="130.544" errors="0">
  <testcase name="Login" time="3.978" classname="com.eDocs.SanityTesting.Equipment"/>
  <testcase name="CreateEquipment" time="82.547" classname="com.eDocs.SanityTesting.Equipment"/>
  <testcase name="EditEquipment" time="44.019" classname="com.eDocs.SanityTesting.Equipment"/>
</testsuite> <!-- com.eDocs.SanityTesting.Equipment -->
