<?xml version="1.0" encoding="UTF-8"?>
<!-- Generated by org.testng.reporters.JUnitReportReporter -->
<testsuite skipped="0" hostname="ezs013" name="com.eDocs.SanityTesting.Product" tests="1" failures="0" timestamp="23 Apr 2018 06:00:38 GMT" time="7.296" errors="0">
  <testcase name="Login" time="7.296" classname="com.eDocs.SanityTesting.Product"/>
</testsuite> <!-- com.eDocs.SanityTesting.Product -->
