<?xml version="1.0" encoding="UTF-8"?>
<!-- Generated by org.testng.reporters.JUnitReportReporter -->
<testsuite skipped="0" hostname="ezs013" name="com.eDocs.SanityTesting.Product" tests="9" failures="0" timestamp="09 Jul 2018 14:25:51 GMT" time="250.316" errors="0">
  <testcase name="CreateProductSOLID" time="30.962" classname="com.eDocs.SanityTesting.Product"/>
  <testcase name="CreateProductLIQUID" time="33.410" classname="com.eDocs.SanityTesting.Product"/>
  <testcase name="CreateProductINHALANT" time="34.301" classname="com.eDocs.SanityTesting.Product"/>
  <testcase name="CreateProductPATCH" time="35.469" classname="com.eDocs.SanityTesting.Product"/>
  <testcase name="CreateProductTopical" time="40.565" classname="com.eDocs.SanityTesting.Product"/>
  <testcase name="CreateProductDILUENT" time="29.074" classname="com.eDocs.SanityTesting.Product"/>
  <testcase name="CreateProductCLENAINGAGENT" time="27.442" classname="com.eDocs.SanityTesting.Product"/>
  <testcase name="SingleDeleteProduct" time="8.717" classname="com.eDocs.SanityTesting.Product"/>
  <testcase name="MultiDeleteProduct" time="10.376" classname="com.eDocs.SanityTesting.Product"/>
</testsuite> <!-- com.eDocs.SanityTesting.Product -->
