<?xml version="1.0" encoding="UTF-8"?>
<!-- Generated by org.testng.reporters.JUnitReportReporter -->
<testsuite skipped="0" hostname="ezs013" name="com.eDocs.SanityTesting.Equipment" tests="5" failures="0" timestamp="11 Jul 2018 10:04:34 GMT" time="232.781" errors="0">
  <testcase name="CopyEquipment" time="50.402" classname="com.eDocs.SanityTesting.Equipment"/>
  <testcase name="CopyEquipment" time="41.950" classname="com.eDocs.SanityTesting.Equipment"/>
  <testcase name="CopyEquipment" time="39.328" classname="com.eDocs.SanityTesting.Equipment"/>
  <testcase name="CopyEquipment" time="46.395" classname="com.eDocs.SanityTesting.Equipment"/>
  <testcase name="CopyEquipment" time="54.706" classname="com.eDocs.SanityTesting.Equipment"/>
</testsuite> <!-- com.eDocs.SanityTesting.Equipment -->
