<?xml version="1.0" encoding="UTF-8"?>
<!-- Generated by org.testng.reporters.JUnitReportReporter -->
<testsuite skipped="0" hostname="ezs013" name="com.eDocs.Equipment.EquipmentMinimumBatch" tests="7" failures="0" timestamp="26 May 2018 07:20:38 GMT" time="36.169" errors="0">
  <testcase name="Login" time="12.530" classname="com.eDocs.Equipment.EquipmentMinimumBatch"/>
  <testcase name="NumericEmptyTest" time="5.931" classname="com.eDocs.Equipment.EquipmentMinimumBatch"/>
  <testcase name="NumericZEROTest" time="4.061" classname="com.eDocs.Equipment.EquipmentMinimumBatch"/>
  <testcase name="NumericMaxLengthTest" time="3.506" classname="com.eDocs.Equipment.EquipmentMinimumBatch"/>
  <testcase name="numericFieldAlphabetsCheckTest" time="3.383" classname="com.eDocs.Equipment.EquipmentMinimumBatch"/>
  <testcase name="numericSpaceCheckTest" time="3.392" classname="com.eDocs.Equipment.EquipmentMinimumBatch"/>
  <testcase name="numericMultiDecimalTest" time="3.366" classname="com.eDocs.Equipment.EquipmentMinimumBatch"/>
</testsuite> <!-- com.eDocs.Equipment.EquipmentMinimumBatch -->
