<?xml version="1.0" encoding="UTF-8"?>
<!-- Generated by org.testng.reporters.JUnitReportReporter -->
<testsuite skipped="0" hostname="ezs013" name="com.eDocs.Calculation.NewTest" tests="1" failures="0" timestamp="07 Mar 2018 11:15:37 GMT" time="0.301" errors="0">
  <testcase name="test" time="0.301" classname="com.eDocs.Calculation.NewTest"/>
</testsuite> <!-- com.eDocs.Calculation.NewTest -->
