<?xml version="1.0" encoding="UTF-8"?>
<!-- Generated by org.testng.reporters.JUnitReportReporter -->
<testsuite skipped="0" hostname="ezs013" name="com.eDocs.Calculation.Default_Limit" tests="1" failures="0" timestamp="20 Feb 2018 13:30:29 GMT" time="14.556" errors="0">
  <testcase name="UniversalSettings" time="14.556" classname="com.eDocs.Calculation.Default_Limit"/>
</testsuite> <!-- com.eDocs.Calculation.Default_Limit -->
