<?xml version="1.0" encoding="UTF-8"?>
<!-- Generated by org.testng.reporters.JUnitReportReporter -->
<testsuite skipped="0" hostname="ezs013" name="com.eDocs.SanityTesting.Product" tests="2" failures="0" timestamp="12 Apr 2018 07:17:34 GMT" time="27.654" errors="0">
  <testcase name="Login" time="4.078" classname="com.eDocs.SanityTesting.Product"/>
  <testcase name="CreateProductCLENAINGAGENT" time="23.576" classname="com.eDocs.SanityTesting.Product"/>
</testsuite> <!-- com.eDocs.SanityTesting.Product -->
