<?xml version="1.0" encoding="UTF-8"?>
<!-- Generated by org.testng.reporters.JUnitReportReporter -->
<testsuite skipped="0" hostname="ezs013" name="com.eDocs.SanityTesting.Equipment" tests="12" failures="0" timestamp="17 Apr 2018 11:49:00 GMT" time="253.315" errors="0">
  <testcase name="CreateEquipment" time="36.971" classname="com.eDocs.SanityTesting.Equipment"/>
  <testcase name="CreateEquipment" time="38.747" classname="com.eDocs.SanityTesting.Equipment"/>
  <testcase name="EditEquipment" time="33.524" classname="com.eDocs.SanityTesting.Equipment"/>
  <testcase name="SingleDeleteEquipment" time="7.522" classname="com.eDocs.SanityTesting.Equipment"/>
  <testcase name="MultiDeleteEquipment" time="7.726" classname="com.eDocs.SanityTesting.Equipment"/>
  <testcase name="CreateEquipmentforGroup" time="27.445" classname="com.eDocs.SanityTesting.Equipment"/>
  <testcase name="CopyEquipment" time="17.697" classname="com.eDocs.SanityTesting.Equipment"/>
  <testcase name="CopyEquipment" time="19.351" classname="com.eDocs.SanityTesting.Equipment"/>
  <testcase name="CopyEquipment" time="12.713" classname="com.eDocs.SanityTesting.Equipment"/>
  <testcase name="CopyEquipment" time="14.357" classname="com.eDocs.SanityTesting.Equipment"/>
  <testcase name="CopyEquipment" time="15.928" classname="com.eDocs.SanityTesting.Equipment"/>
  <testcase name="CopyEquipment" time="21.334" classname="com.eDocs.SanityTesting.Equipment"/>
</testsuite> <!-- com.eDocs.SanityTesting.Equipment -->
