<?xml version="1.0" encoding="UTF-8"?>
<!-- Generated by org.testng.reporters.JUnitReportReporter -->
<testsuite skipped="0" hostname="ezs013" name="com.eDocs.Calculation.NewTest" tests="1" failures="0" timestamp="20 Feb 2018 14:39:51 GMT" time="0.324" errors="0">
  <testcase name="test" time="0.324" classname="com.eDocs.Calculation.NewTest"/>
</testsuite> <!-- com.eDocs.Calculation.NewTest -->
