<?xml version="1.0" encoding="UTF-8"?>
<!-- Generated by org.testng.reporters.JUnitReportReporter -->
<testsuite skipped="0" hostname="ezs013" name="com.eDocs.residueCalculation.ResidueCalculationwithCampaign" tests="1" failures="0" timestamp="23 May 2018 13:39:53 GMT" time="27.970" errors="0">
  <testcase name="test" time="27.970" classname="com.eDocs.residueCalculation.ResidueCalculationwithCampaign"/>
</testsuite> <!-- com.eDocs.residueCalculation.ResidueCalculationwithCampaign -->
