<?xml version="1.0" encoding="UTF-8"?>
<!-- Generated by org.testng.reporters.JUnitReportReporter -->
<testsuite skipped="0" hostname="ezs013" name="com.eDocs.Equipment.EquipmentSurfaceArea" tests="6" failures="0" timestamp="28 May 2018 13:31:50 GMT" time="20.670" errors="0">
  <testcase name="NumericEmptyTest" time="3.410" classname="com.eDocs.Equipment.EquipmentSurfaceArea"/>
  <testcase name="NumericZEROTest" time="3.264" classname="com.eDocs.Equipment.EquipmentSurfaceArea"/>
  <testcase name="NumericMaxLengthTest" time="3.466" classname="com.eDocs.Equipment.EquipmentSurfaceArea"/>
  <testcase name="numericFieldAlphabetsCheckTest" time="3.356" classname="com.eDocs.Equipment.EquipmentSurfaceArea"/>
  <testcase name="numericSpaceCheckTest" time="3.775" classname="com.eDocs.Equipment.EquipmentSurfaceArea"/>
  <testcase name="numericMultiDecimalTest" time="3.399" classname="com.eDocs.Equipment.EquipmentSurfaceArea"/>
</testsuite> <!-- com.eDocs.Equipment.EquipmentSurfaceArea -->
