<?xml version="1.0" encoding="UTF-8"?>
<!-- Generated by org.testng.reporters.JUnitReportReporter -->
<testsuite skipped="0" hostname="ezs013" name="com.eDocs.residueCalculation.NewTest1" tests="1" failures="0" timestamp="23 May 2018 10:51:55 GMT" time="0.269" errors="0">
  <testcase name="test" time="0.269" classname="com.eDocs.residueCalculation.NewTest1"/>
</testsuite> <!-- com.eDocs.residueCalculation.NewTest1 -->
