<?xml version="1.0" encoding="UTF-8"?>
<!-- Generated by org.testng.reporters.JUnitReportReporter -->
<testsuite skipped="0" hostname="ezs013" name="com.eDocs.SanityTesting.Utility" tests="2" failures="0" timestamp="20 Apr 2018 12:58:50 GMT" time="12.340" errors="0">
  <testcase name="Login" time="2.981" classname="com.eDocs.SanityTesting.Utility"/>
  <testcase name="ExportUtility" time="9.359" classname="com.eDocs.SanityTesting.Utility"/>
</testsuite> <!-- com.eDocs.SanityTesting.Utility -->
