<?xml version="1.0" encoding="UTF-8"?>
<!-- Generated by org.testng.reporters.JUnitReportReporter -->
<testsuite skipped="0" hostname="ezs013" name="com.eDocs.SanityTesting.API" tests="5" failures="0" timestamp="11 Jul 2018 10:04:34 GMT" time="68.942" errors="0">
  <testcase name="CreateAPI" time="18.595" classname="com.eDocs.SanityTesting.API"/>
  <testcase name="CreateAPI" time="18.030" classname="com.eDocs.SanityTesting.API"/>
  <testcase name="SingleDeleteAPI" time="9.379" classname="com.eDocs.SanityTesting.API"/>
  <testcase name="MultiDeleteAPI" time="9.391" classname="com.eDocs.SanityTesting.API"/>
  <testcase name="CreateAPIforProduct" time="13.547" classname="com.eDocs.SanityTesting.API"/>
</testsuite> <!-- com.eDocs.SanityTesting.API -->
