<?xml version="1.0" encoding="UTF-8"?>
<!-- Generated by org.testng.reporters.JUnitReportReporter -->
<testsuite skipped="0" hostname="ezs013" name="com.eDocs.residueCalculation.ResidueCalculation" tests="1" failures="0" timestamp="26 Apr 2018 13:56:19 GMT" time="28.440" errors="0">
  <testcase name="test" time="28.440" classname="com.eDocs.residueCalculation.ResidueCalculation"/>
</testsuite> <!-- com.eDocs.residueCalculation.ResidueCalculation -->
