<?xml version="1.0" encoding="UTF-8"?>
<!-- Generated by org.testng.reporters.JUnitReportReporter -->
<testsuite skipped="0" hostname="ezs013" name="com.eDocs.Equipment.EquipmentName" tests="5" failures="0" timestamp="31 Jul 2018 08:33:03 GMT" time="32.494" errors="0">
  <testcase name="Login" time="12.014" classname="com.eDocs.Equipment.EquipmentName"/>
  <testcase name="nameEmpty" time="7.614" classname="com.eDocs.Equipment.EquipmentName"/>
  <testcase name="nameMaxFieldLength" time="4.372" classname="com.eDocs.Equipment.EquipmentName"/>
  <testcase name="nameSpecialChar" time="4.050" classname="com.eDocs.Equipment.EquipmentName"/>
  <testcase name="nameBeginingSpaceCheck" time="4.444" classname="com.eDocs.Equipment.EquipmentName"/>
</testsuite> <!-- com.eDocs.Equipment.EquipmentName -->
