<?xml version="1.0" encoding="UTF-8"?>
<!-- Generated by org.testng.reporters.JUnitReportReporter -->
<testsuite skipped="0" hostname="ezs013" name="com.eDocs.Equipment.EquipmentSurfaceArea" tests="6" failures="0" timestamp="04 Jun 2018 09:50:43 GMT" time="20.099" errors="0">
  <testcase name="NumericEmptyTest" time="3.411" classname="com.eDocs.Equipment.EquipmentSurfaceArea"/>
  <testcase name="NumericZEROTest" time="3.279" classname="com.eDocs.Equipment.EquipmentSurfaceArea"/>
  <testcase name="NumericMaxLengthTest" time="3.395" classname="com.eDocs.Equipment.EquipmentSurfaceArea"/>
  <testcase name="numericFieldAlphabetsCheckTest" time="3.353" classname="com.eDocs.Equipment.EquipmentSurfaceArea"/>
  <testcase name="numericSpaceCheckTest" time="3.340" classname="com.eDocs.Equipment.EquipmentSurfaceArea"/>
  <testcase name="numericMultiDecimalTest" time="3.321" classname="com.eDocs.Equipment.EquipmentSurfaceArea"/>
</testsuite> <!-- com.eDocs.Equipment.EquipmentSurfaceArea -->
