<?xml version="1.0" encoding="UTF-8"?>
<!-- Generated by org.testng.reporters.JUnitReportReporter -->
<testsuite skipped="0" hostname="ezs013" name="com.eDocs.Equipment.EquipmentSurfaceArea" tests="6" failures="0" timestamp="23 Jul 2018 10:07:21 GMT" time="21.866" errors="0">
  <testcase name="NumericEmptyTest" time="3.867" classname="com.eDocs.Equipment.EquipmentSurfaceArea"/>
  <testcase name="NumericZEROTest" time="3.220" classname="com.eDocs.Equipment.EquipmentSurfaceArea"/>
  <testcase name="NumericMaxLengthTest" time="3.847" classname="com.eDocs.Equipment.EquipmentSurfaceArea"/>
  <testcase name="numericFieldAlphabetsCheckTest" time="3.633" classname="com.eDocs.Equipment.EquipmentSurfaceArea"/>
  <testcase name="numericSpaceCheckTest" time="3.645" classname="com.eDocs.Equipment.EquipmentSurfaceArea"/>
  <testcase name="numericMultiDecimalTest" time="3.654" classname="com.eDocs.Equipment.EquipmentSurfaceArea"/>
</testsuite> <!-- com.eDocs.Equipment.EquipmentSurfaceArea -->
