<?xml version="1.0" encoding="UTF-8"?>
<!-- Generated by org.testng.reporters.JUnitReportReporter -->
<testsuite skipped="0" hostname="ezs013" name="com.eDocs.Equipment.EquipmentName" tests="5" failures="0" timestamp="04 Jun 2018 09:50:43 GMT" time="28.090" errors="0">
  <testcase name="Login" time="11.256" classname="com.eDocs.Equipment.EquipmentName"/>
  <testcase name="nameEmpty" time="5.659" classname="com.eDocs.Equipment.EquipmentName"/>
  <testcase name="nameMaxFieldLength" time="3.841" classname="com.eDocs.Equipment.EquipmentName"/>
  <testcase name="nameSpecialChar" time="3.519" classname="com.eDocs.Equipment.EquipmentName"/>
  <testcase name="nameBeginingSpaceCheck" time="3.815" classname="com.eDocs.Equipment.EquipmentName"/>
</testsuite> <!-- com.eDocs.Equipment.EquipmentName -->
