<?xml version="1.0" encoding="UTF-8"?>
<!-- Generated by org.testng.reporters.JUnitReportReporter -->
<testsuite skipped="0" hostname="ezs013" name="com.eDocs.SanityTesting.Product" tests="9" failures="0" timestamp="11 Jul 2018 10:04:34 GMT" time="241.589" errors="0">
  <testcase name="CreateProductSOLID" time="30.893" classname="com.eDocs.SanityTesting.Product"/>
  <testcase name="CreateProductLIQUID" time="31.727" classname="com.eDocs.SanityTesting.Product"/>
  <testcase name="CreateProductINHALANT" time="32.954" classname="com.eDocs.SanityTesting.Product"/>
  <testcase name="CreateProductPATCH" time="33.840" classname="com.eDocs.SanityTesting.Product"/>
  <testcase name="CreateProductTopical" time="39.027" classname="com.eDocs.SanityTesting.Product"/>
  <testcase name="CreateProductDILUENT" time="27.734" classname="com.eDocs.SanityTesting.Product"/>
  <testcase name="CreateProductCLENAINGAGENT" time="26.304" classname="com.eDocs.SanityTesting.Product"/>
  <testcase name="SingleDeleteProduct" time="8.719" classname="com.eDocs.SanityTesting.Product"/>
  <testcase name="MultiDeleteProduct" time="10.391" classname="com.eDocs.SanityTesting.Product"/>
</testsuite> <!-- com.eDocs.SanityTesting.Product -->
