<?xml version="1.0" encoding="UTF-8"?>
<!-- Generated by org.testng.reporters.JUnitReportReporter -->
<testsuite skipped="0" hostname="ezs013" name="com.eDocs.SanityTesting.UniversalSettings" tests="1" failures="0" timestamp="20 Aug 2018 10:53:40 GMT" time="7.329" errors="0">
  <testcase name="Login" time="7.329" classname="com.eDocs.SanityTesting.UniversalSettings"/>
</testsuite> <!-- com.eDocs.SanityTesting.UniversalSettings -->
