<?xml version="1.0" encoding="UTF-8"?>
<!-- Generated by org.testng.reporters.JUnitReportReporter -->
<testsuite skipped="0" hostname="ezs013" name="com.eDocs.Calculation.SolidCalculation" tests="8" failures="0" timestamp="05 Mar 2018 14:35:15 GMT" time="17.522" errors="0">
  <testcase name="P1_Active1_Solid" time="5.586" classname="com.eDocs.Calculation.SolidCalculation"/>
  <testcase name="P1_Active2_Solid" time="1.785" classname="com.eDocs.Calculation.SolidCalculation"/>
  <testcase name="P2_Active1_Solid" time="1.972" classname="com.eDocs.Calculation.SolidCalculation"/>
  <testcase name="P2_Active2_Solid" time="1.665" classname="com.eDocs.Calculation.SolidCalculation"/>
  <testcase name="P3_Active1_Solid" time="1.608" classname="com.eDocs.Calculation.SolidCalculation"/>
  <testcase name="P3_Active2_Solid" time="1.653" classname="com.eDocs.Calculation.SolidCalculation"/>
  <testcase name="P4_Active1_Solid" time="1.643" classname="com.eDocs.Calculation.SolidCalculation"/>
  <testcase name="P4_Active2_Solid" time="1.610" classname="com.eDocs.Calculation.SolidCalculation"/>
</testsuite> <!-- com.eDocs.Calculation.SolidCalculation -->
