<?xml version="1.0" encoding="UTF-8"?>
<!-- Generated by org.testng.reporters.JUnitReportReporter -->
<testsuite skipped="0" hostname="ezs013" name="com.eDocs.SanityTesting.EquipmentGroup" tests="4" failures="0" timestamp="09 Jul 2018 14:25:51 GMT" time="65.281" errors="0">
  <testcase name="CreateEquipmentGroup" time="21.456" classname="com.eDocs.SanityTesting.EquipmentGroup"/>
  <testcase name="CreateEquipmentGroup" time="23.736" classname="com.eDocs.SanityTesting.EquipmentGroup"/>
  <testcase name="SingleDeleteEquipmentGroup" time="10.449" classname="com.eDocs.SanityTesting.EquipmentGroup"/>
  <testcase name="MultiDeleteEquipmentGroup" time="9.640" classname="com.eDocs.SanityTesting.EquipmentGroup"/>
</testsuite> <!-- com.eDocs.SanityTesting.EquipmentGroup -->
