<?xml version="1.0" encoding="UTF-8"?>
<!-- Generated by org.testng.reporters.JUnitReportReporter -->
<testsuite skipped="0" hostname="ezs013" name="com.eDocs.Equipment.Equipment_Name" tests="5" failures="0" timestamp="10 May 2018 09:33:11 GMT" time="22.516" errors="0">
  <testcase name="nameEmpty" time="6.691" classname="com.eDocs.Equipment.Equipment_Name"/>
  <testcase name="nameDuplicate" time="5.322" classname="com.eDocs.Equipment.Equipment_Name"/>
  <testcase name="nameMaxFieldLength" time="3.547" classname="com.eDocs.Equipment.Equipment_Name"/>
  <testcase name="nameSpecialChar" time="3.558" classname="com.eDocs.Equipment.Equipment_Name"/>
  <testcase name="nameBeginingSpaceCheck" time="3.398" classname="com.eDocs.Equipment.Equipment_Name"/>
</testsuite> <!-- com.eDocs.Equipment.Equipment_Name -->
