<?xml version="1.0" encoding="UTF-8"?>
<!-- Generated by org.testng.reporters.JUnitReportReporter -->
<testsuite skipped="0" hostname="ezs013" name="com.eDocs.SanityTesting.Equipment" tests="11" failures="0" timestamp="23 May 2018 06:50:06 GMT" time="368.704" errors="0">
  <testcase name="Login" time="3.245" classname="com.eDocs.SanityTesting.Equipment"/>
  <testcase name="CreateEquipmentwithRiskAssessment" time="80.324" classname="com.eDocs.SanityTesting.Equipment"/>
  <testcase name="EditEquipmentwithRiskAssessment" time="43.887" classname="com.eDocs.SanityTesting.Equipment"/>
  <testcase name="DeleteEquipmentRiskAssessment" time="7.642" classname="com.eDocs.SanityTesting.Equipment"/>
  <testcase name="CreateEquipmentwithSamplingSiteType" time="68.540" classname="com.eDocs.SanityTesting.Equipment"/>
  <testcase name="EditEquipmentwithSamplingSiteType" time="44.640" classname="com.eDocs.SanityTesting.Equipment"/>
  <testcase name="SingleDeleteEquipmentSamplingSiteType" time="6.592" classname="com.eDocs.SanityTesting.Equipment"/>
  <testcase name="CreateEquipmentforCreatingGroup" time="43.140" classname="com.eDocs.SanityTesting.Equipment"/>
  <testcase name="CopyEquipment" time="26.522" classname="com.eDocs.SanityTesting.Equipment"/>
  <testcase name="CopyEquipment" time="22.932" classname="com.eDocs.SanityTesting.Equipment"/>
  <testcase name="CopyEquipment" time="21.240" classname="com.eDocs.SanityTesting.Equipment"/>
</testsuite> <!-- com.eDocs.SanityTesting.Equipment -->
