<?xml version="1.0" encoding="UTF-8"?>
<!-- Generated by org.testng.reporters.JUnitReportReporter -->
<testsuite skipped="0" hostname="ezs013" name="com.eDocs.microbialCalculation.MicrobialCalculation" tests="1" failures="0" timestamp="12 Jul 2018 09:17:13 GMT" time="4.031" errors="0">
  <testcase name="test" time="4.031" classname="com.eDocs.microbialCalculation.MicrobialCalculation"/>
</testsuite> <!-- com.eDocs.microbialCalculation.MicrobialCalculation -->
