<?xml version="1.0" encoding="UTF-8"?>
<!-- Generated by org.testng.reporters.JUnitReportReporter -->
<testsuite skipped="0" hostname="ezs013" name="com.eDocs.Equipment.EquipmentName" tests="5" failures="0" timestamp="31 May 2018 14:21:52 GMT" time="26.905" errors="0">
  <testcase name="nameEmpty" time="4.893" classname="com.eDocs.Equipment.EquipmentName"/>
  <testcase name="Login" time="11.184" classname="com.eDocs.Equipment.EquipmentName"/>
  <testcase name="nameMaxFieldLength" time="3.841" classname="com.eDocs.Equipment.EquipmentName"/>
  <testcase name="nameSpecialChar" time="3.579" classname="com.eDocs.Equipment.EquipmentName"/>
  <testcase name="nameBeginingSpaceCheck" time="3.408" classname="com.eDocs.Equipment.EquipmentName"/>
</testsuite> <!-- com.eDocs.Equipment.EquipmentName -->
