<?xml version="1.0" encoding="UTF-8"?>
<!-- Generated by org.testng.reporters.JUnitReportReporter -->
<testsuite skipped="0" hostname="ezs013" name="com.eDocs.Equipment.EquipmentMinimumBatch" tests="6" failures="0" timestamp="22 Jun 2018 14:53:38 GMT" time="20.966" errors="0">
  <testcase name="NumericEmptyTest" time="3.546" classname="com.eDocs.Equipment.EquipmentMinimumBatch"/>
  <testcase name="NumericZEROTest" time="3.043" classname="com.eDocs.Equipment.EquipmentMinimumBatch"/>
  <testcase name="NumericMaxLengthTest" time="3.622" classname="com.eDocs.Equipment.EquipmentMinimumBatch"/>
  <testcase name="numericFieldAlphabetsCheckTest" time="3.593" classname="com.eDocs.Equipment.EquipmentMinimumBatch"/>
  <testcase name="numericSpaceCheckTest" time="3.577" classname="com.eDocs.Equipment.EquipmentMinimumBatch"/>
  <testcase name="numericMultiDecimalTest" time="3.585" classname="com.eDocs.Equipment.EquipmentMinimumBatch"/>
</testsuite> <!-- com.eDocs.Equipment.EquipmentMinimumBatch -->
