<?xml version="1.0" encoding="UTF-8"?>
<!-- Generated by org.testng.reporters.JUnitReportReporter -->
<testsuite skipped="0" hostname="ezs013" name="com.eDocs.SanityTesting.Equipment" tests="2" failures="0" timestamp="23 Apr 2018 07:16:12 GMT" time="12.676" errors="0">
  <testcase name="Login" time="4.253" classname="com.eDocs.SanityTesting.Equipment"/>
  <testcase name="ExportEquipment" time="8.423" classname="com.eDocs.SanityTesting.Equipment"/>
</testsuite> <!-- com.eDocs.SanityTesting.Equipment -->
