<?xml version="1.0" encoding="UTF-8"?>
<!-- Generated by org.testng.reporters.JUnitReportReporter -->
<testsuite skipped="0" hostname="ezs013" name="com.eDocs.SanityTesting.EquipmentGroup" tests="4" failures="0" timestamp="24 May 2018 12:56:24 GMT" time="69.389" errors="0">
  <testcase name="CreateEquipmentGroup" time="21.993" classname="com.eDocs.SanityTesting.EquipmentGroup"/>
  <testcase name="CreateEquipmentGroup" time="19.802" classname="com.eDocs.SanityTesting.EquipmentGroup"/>
  <testcase name="EditEquipmentGroup" time="18.305" classname="com.eDocs.SanityTesting.EquipmentGroup"/>
  <testcase name="SingleDeleteEquipmentGroup" time="9.289" classname="com.eDocs.SanityTesting.EquipmentGroup"/>
</testsuite> <!-- com.eDocs.SanityTesting.EquipmentGroup -->
