<?xml version="1.0" encoding="UTF-8"?>
<!-- Generated by org.testng.reporters.JUnitReportReporter -->
<testsuite skipped="0" hostname="ezs013" name="com.eDocs.SanityTesting.Utility" tests="5" failures="0" timestamp="11 Jul 2018 10:04:34 GMT" time="51.820" errors="0">
  <testcase name="Login" time="7.665" classname="com.eDocs.SanityTesting.Utility"/>
  <testcase name="CreateUtility" time="10.577" classname="com.eDocs.SanityTesting.Utility"/>
  <testcase name="CreateUtility" time="12.704" classname="com.eDocs.SanityTesting.Utility"/>
  <testcase name="SingleDeleteUser" time="9.265" classname="com.eDocs.SanityTesting.Utility"/>
  <testcase name="MultiDeleteUtility" time="11.609" classname="com.eDocs.SanityTesting.Utility"/>
</testsuite> <!-- com.eDocs.SanityTesting.Utility -->
