<?xml version="1.0" encoding="UTF-8"?>
<!-- Generated by org.testng.reporters.JUnitReportReporter -->
<testsuite skipped="0" hostname="ezs013" name="com.eDocs.SanityTesting.Equipment" tests="1" failures="0" timestamp="24 May 2018 12:56:24 GMT" time="4.072" errors="0">
  <testcase name="Login" time="4.072" classname="com.eDocs.SanityTesting.Equipment"/>
</testsuite> <!-- com.eDocs.SanityTesting.Equipment -->
