<?xml version="1.0" encoding="UTF-8"?>
<!-- Generated by org.testng.reporters.JUnitReportReporter -->
<testsuite skipped="0" hostname="ezs013" name="com.eDocs.Calculation.Default_Limit" tests="1" failures="0" timestamp="07 Mar 2018 11:40:53 GMT" time="13.585" errors="0">
  <testcase name="UniversalSettings" time="13.585" classname="com.eDocs.Calculation.Default_Limit"/>
</testsuite> <!-- com.eDocs.Calculation.Default_Limit -->
