<?xml version="1.0" encoding="UTF-8"?>
<!-- Generated by org.testng.reporters.JUnitReportReporter -->
<testsuite skipped="0" hostname="ezs013" name="com.eDocs.SanityTesting.Utility" tests="5" failures="0" timestamp="09 Jul 2018 14:25:51 GMT" time="50.384" errors="0">
  <testcase name="Login" time="6.439" classname="com.eDocs.SanityTesting.Utility"/>
  <testcase name="CreateUtility" time="10.619" classname="com.eDocs.SanityTesting.Utility"/>
  <testcase name="CreateUtility" time="12.655" classname="com.eDocs.SanityTesting.Utility"/>
  <testcase name="SingleDeleteUser" time="9.227" classname="com.eDocs.SanityTesting.Utility"/>
  <testcase name="MultiDeleteUtility" time="11.444" classname="com.eDocs.SanityTesting.Utility"/>
</testsuite> <!-- com.eDocs.SanityTesting.Utility -->
