<?xml version="1.0" encoding="UTF-8"?>
<!-- Generated by org.testng.reporters.JUnitReportReporter -->
<testsuite skipped="0" hostname="ezs013" name="com.eDocs.SanityTesting.EquipmentGroup" tests="4" failures="0" timestamp="06 Jul 2018 10:31:20 GMT" time="61.292" errors="0">
  <testcase name="CreateEquipmentGroup" time="21.889" classname="com.eDocs.SanityTesting.EquipmentGroup"/>
  <testcase name="CreateEquipmentGroup" time="19.481" classname="com.eDocs.SanityTesting.EquipmentGroup"/>
  <testcase name="SingleDeleteEquipmentGroup" time="10.401" classname="com.eDocs.SanityTesting.EquipmentGroup"/>
  <testcase name="MultiDeleteEquipmentGroup" time="9.521" classname="com.eDocs.SanityTesting.EquipmentGroup"/>
</testsuite> <!-- com.eDocs.SanityTesting.EquipmentGroup -->
