<?xml version="1.0" encoding="UTF-8"?>
<!-- Generated by org.testng.reporters.JUnitReportReporter -->
<testsuite skipped="0" hostname="ezs013" name="com.eDocs.Test.Calculation" tests="1" failures="0" timestamp="27 Mar 2018 12:52:25 GMT" time="81.119" errors="0">
  <testcase name="test" time="81.119" classname="com.eDocs.Test.Calculation"/>
</testsuite> <!-- com.eDocs.Test.Calculation -->
