<?xml version="1.0" encoding="UTF-8"?>
<!-- Generated by org.testng.reporters.JUnitReportReporter -->
<testsuite skipped="0" hostname="ezs013" name="com.eDocs.residueCalculation.ResidueCalculationwithCampaign" tests="1" failures="0" timestamp="22 May 2018 13:58:53 GMT" time="25.894" errors="0">
  <testcase name="test" time="25.894" classname="com.eDocs.residueCalculation.ResidueCalculationwithCampaign"/>
</testsuite> <!-- com.eDocs.residueCalculation.ResidueCalculationwithCampaign -->
