<?xml version="1.0" encoding="UTF-8"?>
<!-- Generated by org.testng.reporters.JUnitReportReporter -->
<testsuite skipped="0" hostname="ezs013" name="com.eDocs.SanityTesting.EquipmentGroup" tests="4" failures="0" timestamp="11 Jul 2018 10:04:34 GMT" time="63.018" errors="0">
  <testcase name="CreateEquipmentGroup" time="20.960" classname="com.eDocs.SanityTesting.EquipmentGroup"/>
  <testcase name="CreateEquipmentGroup" time="21.930" classname="com.eDocs.SanityTesting.EquipmentGroup"/>
  <testcase name="SingleDeleteEquipmentGroup" time="10.495" classname="com.eDocs.SanityTesting.EquipmentGroup"/>
  <testcase name="MultiDeleteEquipmentGroup" time="9.633" classname="com.eDocs.SanityTesting.EquipmentGroup"/>
</testsuite> <!-- com.eDocs.SanityTesting.EquipmentGroup -->
